android/build/intermediates/manifest_merge_blame_file/debug/manifest-merger-blame-debug-report.txt
1<?xml version="1.0" encoding="utf-8"?>
2<!--
3 Copyright (C) 2008 ZXing authors
4
5 Licensed under the Apache License, Version 2.0 (the "License");
6 you may not use this file except in compliance with the License.
7 You may obtain a copy of the License at
8
9      http://www.apache.org/licenses/LICENSE-2.0
10
11 Unless required by applicable law or agreed to in writing, software
12 distributed under the License is distributed on an "AS IS" BASIS,
13 WITHOUT WARRANTIES OR CONDITIONS OF ANY KIND, either express or implied.
14 See the License for the specific language governing permissions and
15 limitations under the License.
16-->
17<manifest xmlns:android="http://schemas.android.com/apk/res/android"
18    package="com.google.zxing.client.android"
19    android:installLocation="auto"
20    android:versionCode="108"
21    android:versionName="4.7.8" >
22
23    <uses-sdk
24        android:minSdkVersion="19"
24-->src\main\AndroidManifest.xml
25        android:targetSdkVersion="29" />
25-->src\main\AndroidManifest.xml
26
27    <uses-permission android:name="android.permission.CAMERA" />
27-->src\main\AndroidManifest.xml:22:5-65
27-->src\main\AndroidManifest.xml:22:22-62
28    <uses-permission android:name="android.permission.INTERNET" />
28-->src\main\AndroidManifest.xml:23:5-67
28-->src\main\AndroidManifest.xml:23:22-64
29    <uses-permission android:name="android.permission.VIBRATE" />
29-->src\main\AndroidManifest.xml:24:5-66
29-->src\main\AndroidManifest.xml:24:22-63
30    <uses-permission android:name="android.permission.FLASHLIGHT" />
30-->src\main\AndroidManifest.xml:25:5-69
30-->src\main\AndroidManifest.xml:25:22-66
31    <uses-permission android:name="android.permission.READ_CONTACTS" />
31-->src\main\AndroidManifest.xml:26:5-72
31-->src\main\AndroidManifest.xml:26:22-69
32    <!-- unavailable in API 23 -->
33    <uses-permission android:name="com.android.browser.permission.READ_HISTORY_BOOKMARKS" />
33-->src\main\AndroidManifest.xml:28:5-93
33-->src\main\AndroidManifest.xml:28:22-90
34    <uses-permission android:name="android.permission.WRITE_EXTERNAL_STORAGE" />
34-->src\main\AndroidManifest.xml:29:5-81
34-->src\main\AndroidManifest.xml:29:22-78
35    <uses-permission android:name="android.permission.CHANGE_WIFI_STATE" />
35-->src\main\AndroidManifest.xml:30:5-76
35-->src\main\AndroidManifest.xml:30:22-73
36    <uses-permission android:name="android.permission.ACCESS_WIFI_STATE" />
36-->src\main\AndroidManifest.xml:31:5-76
36-->src\main\AndroidManifest.xml:31:22-73
37
38    <!-- <uses-sdk android:minSdkVersion="19" android:targetSdkVersion="22"/> -->
39
40    <uses-feature android:name="android.hardware.camera.any" />
40-->src\main\AndroidManifest.xml:35:5-64
40-->src\main\AndroidManifest.xml:35:19-61
41    <uses-feature
41-->src\main\AndroidManifest.xml:36:5-38:36
42        android:name="android.hardware.camera.autofocus"
42-->src\main\AndroidManifest.xml:37:9-57
43        android:required="false" />
43-->src\main\AndroidManifest.xml:38:9-33
44    <uses-feature
44-->src\main\AndroidManifest.xml:39:5-41:36
45        android:name="android.hardware.camera.flash"
45-->src\main\AndroidManifest.xml:40:9-53
46        android:required="false" />
46-->src\main\AndroidManifest.xml:41:9-33
47    <uses-feature android:name="android.hardware.screen.landscape" />
47-->src\main\AndroidManifest.xml:42:5-70
47-->src\main\AndroidManifest.xml:42:19-67
48    <uses-feature
48-->src\main\AndroidManifest.xml:43:5-45:36
49        android:name="android.hardware.wifi"
49-->src\main\AndroidManifest.xml:44:9-45
50        android:required="false" />
50-->src\main\AndroidManifest.xml:45:9-33
51
52    <application
52-->src\main\AndroidManifest.xml:47:5-121:19
53        android:allowBackup="true"
53-->src\main\AndroidManifest.xml:48:9-35
54        android:appComponentFactory="androidx.core.app.CoreComponentFactory"
54-->[androidx.core:core:1.3.0] AndroidManifest.xml:24:18-86
55        android:debuggable="true"
56        android:icon="@drawable/launcher_icon"
56-->src\main\AndroidManifest.xml:49:9-47
57        android:label="@string/app_name"
57-->src\main\AndroidManifest.xml:50:9-41
58        android:logo="@drawable/launcher_icon"
58-->src\main\AndroidManifest.xml:51:9-47
59        android:testOnly="true" >
60        <activity
60-->src\main\AndroidManifest.xml:52:9-115:20
61            android:name="com.google.zxing.client.android.CaptureActivity"
61-->src\main\AndroidManifest.xml:53:13-44
62            android:clearTaskOnLaunch="true"
62-->src\main\AndroidManifest.xml:54:13-45
63            android:screenOrientation="landscape"
63-->src\main\AndroidManifest.xml:55:13-50
64            android:stateNotNeeded="true"
64-->src\main\AndroidManifest.xml:56:13-42
65            android:theme="@style/CaptureTheme"
65-->src\main\AndroidManifest.xml:57:13-48
66            android:windowSoftInputMode="stateAlwaysHidden" >
66-->src\main\AndroidManifest.xml:58:13-60
67            <intent-filter>
67-->src\main\AndroidManifest.xml:59:13-62:29
68                <action android:name="android.intent.action.MAIN" />
68-->src\main\AndroidManifest.xml:60:17-69
68-->src\main\AndroidManifest.xml:60:25-66
69
70                <category android:name="android.intent.category.LAUNCHER" />
70-->src\main\AndroidManifest.xml:61:17-77
70-->src\main\AndroidManifest.xml:61:27-74
71            </intent-filter>
72            <intent-filter>
72-->src\main\AndroidManifest.xml:63:13-66:29
73                <action android:name="com.google.zxing.client.android.SCAN" />
73-->src\main\AndroidManifest.xml:64:17-79
73-->src\main\AndroidManifest.xml:64:25-76
74
75                <category android:name="android.intent.category.DEFAULT" />
75-->src\main\AndroidManifest.xml:65:17-76
75-->src\main\AndroidManifest.xml:65:27-73
76            </intent-filter>
77            <!-- Allow web apps to launch Barcode Scanner by linking to http://zxing.appspot.com/scan. -->
78            <intent-filter>
78-->src\main\AndroidManifest.xml:68:13-78:29
79                <action android:name="android.intent.action.VIEW" />
79-->src\main\AndroidManifest.xml:69:17-69
79-->src\main\AndroidManifest.xml:69:25-66
80
81                <category android:name="android.intent.category.DEFAULT" />
81-->src\main\AndroidManifest.xml:65:17-76
81-->src\main\AndroidManifest.xml:65:27-73
82                <category android:name="android.intent.category.BROWSABLE" />
82-->src\main\AndroidManifest.xml:72:17-78
82-->src\main\AndroidManifest.xml:72:27-75
83
84                <data
84-->src\main\AndroidManifest.xml:74:17-77:45
85                    android:host="zxing.appspot.com"
85-->src\main\AndroidManifest.xml:75:21-53
86                    android:path="/scan"
86-->src\main\AndroidManifest.xml:76:21-41
87                    android:scheme="http" />
87-->src\main\AndroidManifest.xml:77:21-42
88            </intent-filter>
89            <!-- We also support a Google Product Search URL. -->
90            <intent-filter>
90-->src\main\AndroidManifest.xml:80:13-90:29
91                <action android:name="android.intent.action.VIEW" />
91-->src\main\AndroidManifest.xml:69:17-69
91-->src\main\AndroidManifest.xml:69:25-66
92
93                <category android:name="android.intent.category.DEFAULT" />
93-->src\main\AndroidManifest.xml:65:17-76
93-->src\main\AndroidManifest.xml:65:27-73
94                <category android:name="android.intent.category.BROWSABLE" />
94-->src\main\AndroidManifest.xml:72:17-78
94-->src\main\AndroidManifest.xml:72:27-75
95
96                <data
96-->src\main\AndroidManifest.xml:74:17-77:45
97                    android:host="www.google.com"
97-->src\main\AndroidManifest.xml:75:21-53
98                    android:path="/m/products/scan"
98-->src\main\AndroidManifest.xml:76:21-41
99                    android:scheme="http" />
99-->src\main\AndroidManifest.xml:77:21-42
100            </intent-filter>
101            <!-- And the UK version. -->
102            <intent-filter>
102-->src\main\AndroidManifest.xml:92:13-102:29
103                <action android:name="android.intent.action.VIEW" />
103-->src\main\AndroidManifest.xml:69:17-69
103-->src\main\AndroidManifest.xml:69:25-66
104
105                <category android:name="android.intent.category.DEFAULT" />
105-->src\main\AndroidManifest.xml:65:17-76
105-->src\main\AndroidManifest.xml:65:27-73
106                <category android:name="android.intent.category.BROWSABLE" />
106-->src\main\AndroidManifest.xml:72:17-78
106-->src\main\AndroidManifest.xml:72:27-75
107
108                <data
108-->src\main\AndroidManifest.xml:74:17-77:45
109                    android:host="www.google.co.uk"
109-->src\main\AndroidManifest.xml:75:21-53
110                    android:path="/m/products/scan"
110-->src\main\AndroidManifest.xml:76:21-41
111                    android:scheme="http" />
111-->src\main\AndroidManifest.xml:77:21-42
112            </intent-filter>
113            <!-- Support zxing://scan/?... like iPhone app -->
114            <intent-filter>
114-->src\main\AndroidManifest.xml:104:13-114:29
115                <action android:name="android.intent.action.VIEW" />
115-->src\main\AndroidManifest.xml:69:17-69
115-->src\main\AndroidManifest.xml:69:25-66
116
117                <category android:name="android.intent.category.DEFAULT" />
117-->src\main\AndroidManifest.xml:65:17-76
117-->src\main\AndroidManifest.xml:65:27-73
118                <category android:name="android.intent.category.BROWSABLE" />
118-->src\main\AndroidManifest.xml:72:17-78
118-->src\main\AndroidManifest.xml:72:27-75
119
120                <data
120-->src\main\AndroidManifest.xml:74:17-77:45
121                    android:host="scan"
121-->src\main\AndroidManifest.xml:75:21-53
122                    android:path="/"
122-->src\main\AndroidManifest.xml:76:21-41
123                    android:scheme="zxing" />
123-->src\main\AndroidManifest.xml:77:21-42
124            </intent-filter>
125        </activity>
126        <activity
126-->src\main\AndroidManifest.xml:116:9-119:45
127            android:name="com.google.zxing.client.android.PreferencesActivity"
127-->src\main\AndroidManifest.xml:117:13-48
128            android:label="@string/preferences_name"
128-->src\main\AndroidManifest.xml:118:13-53
129            android:stateNotNeeded="true" />
129-->src\main\AndroidManifest.xml:119:13-42
130    </application>
131
132</manifest>